This is TeX, Version 3.14159 (Web2C 7.3.7) (format=latex 2002.4.4)  18 JUL 2003 12:14
**cddlibman.tex
(./cddlibman.tex
LaTeX2e <2001/06/01>
Babel <v3.7h> and hyphenation patterns for american, french, german, ngerman, d
utch, nohyphenation, loaded.
(/usr/local/teTeX/share/texmf/tex/latex/base/article.cls
Document Class: article 2001/04/21 v1.4e Standard LaTeX document class
(/usr/local/teTeX/share/texmf/tex/latex/base/size11.clo
File: size11.clo 2001/04/21 v1.4e Standard LaTeX file (size option)
)
\c@part=\count79
\c@section=\count80
\c@subsection=\count81
\c@subsubsection=\count82
\c@paragraph=\count83
\c@subparagraph=\count84
\c@figure=\count85
\c@table=\count86
\abovecaptionskip=\skip41
\belowcaptionskip=\skip42
\bibindent=\dimen102
) (./html.sty
Package: html 1996/02/01 v1.0 hypertext commands for latex2html (nd, hs)
\c@lpart=\count87
\c@lchapter=\count88
\c@lsection=\count89
\c@lsubsection=\count90
\c@lsubsubsection=\count91
\c@lparagraph=\count92
\c@lsubparagraph=\count93
\c@lsubsubparagraph=\count94
\c@lequation=\count95
)
(./cddlibman.aux)
\openout1 = `cddlibman.aux'.

LaTeX Font Info:    Checking defaults for OML/cmm/m/it on input line 20.
LaTeX Font Info:    ... okay on input line 20.
LaTeX Font Info:    Checking defaults for T1/cmr/m/n on input line 20.
LaTeX Font Info:    ... okay on input line 20.
LaTeX Font Info:    Checking defaults for OT1/cmr/m/n on input line 20.
LaTeX Font Info:    ... okay on input line 20.
LaTeX Font Info:    Checking defaults for OMS/cmsy/m/n on input line 20.
LaTeX Font Info:    ... okay on input line 20.
LaTeX Font Info:    Checking defaults for OMX/cmex/m/n on input line 20.
LaTeX Font Info:    ... okay on input line 20.
LaTeX Font Info:    Checking defaults for U/cmr/m/n on input line 20.
LaTeX Font Info:    ... okay on input line 20.
LaTeX Font Info:    External font `cmex10' loaded for size
(Font)              <12> on input line 32.
LaTeX Font Info:    External font `cmex10' loaded for size
(Font)              <8> on input line 32.
LaTeX Font Info:    External font `cmex10' loaded for size
(Font)              <6> on input line 32.
LaTeX Font Info:    External font `cmex10' loaded for size
(Font)              <10.95> on input line 49.
 [1

] [2] [3]
Overfull \hbox (33.39438pt too wide) in paragraph at lines 364--364
[]\OT1/cmtt/m/n/10.95 typedef mytype **dd_Amatrix;  /* mytype is either GMP mpq
_t or 1-dim double array. */[] 
 []

[4]
Overfull \hbox (56.38913pt too wide) in paragraph at lines 364--364
[]  \OT1/cmtt/m/n/10.95 dd_IFileNotFound, dd_OFileNotOpen, dd_NoLPObjective, dd
_NoRealNumberSupport, dd_NoError[] 
 []

[5]
Overfull \hbox (4.65094pt too wide) in paragraph at lines 364--364
[]  \OT1/cmtt/m/n/10.95 dd_rowrange re;  /* row index as a certificate in the c
ase of inconsistency */[] 
 []


Overfull \hbox (33.39438pt too wide) in paragraph at lines 364--364
[]  \OT1/cmtt/m/n/10.95 dd_colrange se;  /* col index as a certificate in the c
ase of dual inconsistency */[] 
 []

[6]
Overfull \hbox (41.90791pt too wide) in paragraph at lines 476--481
\OT1/cmr/m/n/10.95 Returns the set of in-dices of rows that are im-plic-itly li
n-ear-ity. It sim-ply calls \OT1/cmtt/m/n/10.95 dd[]ImplicitLinearity
 []

[7]
Overfull \hbox (7.42538pt too wide) in paragraph at lines 551--554
\OT1/cmr/m/n/10.95 Copy the in-equal-ity rep-re-sen-ta-tion pointed by poly to 
\OT1/cmtt/m/n/10.95 matrixdata \OT1/cmr/m/n/10.95 and re-turn \OT1/cmtt/m/n/10.
95 dd[]MatrixPtr\OT1/cmr/m/n/10.95 . 
 []


Overfull \hbox (5.35706pt too wide) in paragraph at lines 555--558
\OT1/cmr/m/n/10.95 Copy the gen-er-a-tor rep-re-sen-ta-tion pointed by poly to 
\OT1/cmtt/m/n/10.95 matrixdata \OT1/cmr/m/n/10.95 and re-turn \OT1/cmtt/m/n/10.
95 dd[]MatrixPtr\OT1/cmr/m/n/10.95 . 
 []


Overfull \hbox (0.36716pt too wide) in paragraph at lines 571--575
\OT1/cmr/m/n/10.95 Copy the in-ci-dence rep-re-sen-ta-tion of the in-put rep-re
-sen-ta-tion pointed by poly to \OT1/cmtt/m/n/10.95 setfamily
 []


Overfull \hbox (3.40884pt too wide) in paragraph at lines 576--580
\OT1/cmr/m/n/10.95 Copy the ad-ja-cency rep-re-sen-ta-tion of the in-put rep-re
-sen-ta-tion pointed by poly to \OT1/cmtt/m/n/10.95 setfamily
 []

[8] [9] [10] [11] (./cddlibman.bbl
Underfull \hbox (badness 10000) in paragraph at lines 4--9
[]\OT1/cmr/m/n/10.95 N. Amenta.  Di-rec-tory of com-pu-ta-tional ge-om-e-try.
 []


Underfull \hbox (badness 1490) in paragraph at lines 30--36
[]\OT1/cmr/m/n/10.95 C.B. Bar-ber, D.P. Dobkin, and H. Huh-dan-paa.  \OT1/cmr/m
/it/10.95 qhull, Ver-sion 2.1\OT1/cmr/m/n/10.95 .  The Ge-
 []


Underfull \hbox (badness 3000) in paragraph at lines 30--36
\OT1/cmr/m/n/10.95 om-e-try Cen-ter, Min-nesota, U.S.A., 1995.  pro-gram and re
-port avail-able from
 []

[12]
Underfull \hbox (badness 1072) in paragraph at lines 56--61
[]\OT1/cmr/m/n/10.95 J. Er-ick-son.  Com-pu-ta-tional ge-om-e-try pages, list o
f soft-ware li-braries and codes.
 []

) [13] (./cddlibman.aux)

LaTeX Warning: Label(s) may have changed. Rerun to get cross-references right.

 ) 
Here is how much of TeX's memory you used:
 374 strings out of 30801
 4081 string characters out of 444459
 51591 words of memory out of 1000001
 3371 multiletter control sequences out of 10000+30000
 10254 words of font info for 36 fonts, out of 400000 for 1000
 54 hyphenation exceptions out of 1000
 21i,9n,19p,180b,301s stack positions out of 300i,100n,500p,50000b,4000s

Output written on cddlibman.dvi (13 pages, 45336 bytes).
